<?xml version="1.0" encoding="UTF-8"?>
<!-- Generated by org.testng.reporters.JUnitXMLReporter -->
<testsuite ignored="10" hostname="Madhavi" failures="0" tests="2" name="Test" time="14.619" errors="0" timestamp="2025-05-21T22:14:58 IST">
  <testcase classname="testngframework.I_TestCase_Run_Group" name="facebook" time="0.52"/>
  <testcase classname="testngframework.I_TestCase_Run_Group" name="twitter" time="6.666"/>
  <testcase classname="testngframework.I_TestCase_Run_Group" name="bugzilla" time="0.0">
    <ignored/>
  </testcase> <!-- bugzilla -->
  <testcase classname="testngframework.I_TestCase_Run_Group" name="zomato" time="0.0">
    <ignored/>
  </testcase> <!-- zomato -->
  <testcase classname="testngframework.I_TestCase_Run_Group" name="swiggy" time="0.0">
    <ignored/>
  </testcase> <!-- swiggy -->
  <testcase classname="testngframework.I_TestCase_Run_Group" name="selenium" time="0.0">
    <ignored/>
  </testcase> <!-- selenium -->
  <testcase classname="testngframework.I_TestCase_Run_Group" name="playwrite" time="0.0">
    <ignored/>
  </testcase> <!-- playwrite -->
  <testcase classname="testngframework.I_TestCase_Run_Group" name="techlearn" time="0.0">
    <ignored/>
  </testcase> <!-- techlearn -->
  <testcase classname="testngframework.I_TestCase_Run_Group" name="jira" time="0.0">
    <ignored/>
  </testcase> <!-- jira -->
  <testcase classname="testngframework.I_TestCase_Run_Group" name="google" time="0.0">
    <ignored/>
  </testcase> <!-- google -->
  <testcase classname="testngframework.I_TestCase_Run_Group" name="redmine" time="0.0">
    <ignored/>
  </testcase> <!-- redmine -->
  <testcase classname="testngframework.I_TestCase_Run_Group" name="mantisbt" time="0.0">
    <ignored/>
  </testcase> <!-- mantisbt -->
</testsuite> <!-- Test -->
