<?xml version="1.0" encoding="UTF-8"?>
<testng-results ignored="0" total="1" passed="1" failed="0" skipped="0">
  <reporter-output>
  </reporter-output>
  <suite started-at="2025-05-26T23:26:18 IST" name="Default suite" finished-at="2025-05-26T23:26:28 IST" duration-ms="10144">
    <groups>
    </groups>
    <test started-at="2025-05-26T23:26:18 IST" name="Default test" finished-at="2025-05-26T23:26:28 IST" duration-ms="10144">
      <class name="log4jframework.TechlearnLogin">
        <test-method signature="login()[pri:0, instance:log4jframework.TechlearnLogin@4c402120]" started-at="2025-05-26T23:26:18 IST" name="login" finished-at="2025-05-26T23:26:28 IST" duration-ms="10084" status="PASS">
          <reporter-output>
          </reporter-output>
        </test-method> <!-- login -->
      </class> <!-- log4jframework.TechlearnLogin -->
    </test> <!-- Default test -->
  </suite> <!-- Default suite -->
</testng-results>
